app/build/intermediates/manifest_merge_blame_file/debug/manifest-merger-blame-debug-report.txt
1<?xml version="1.0" encoding="utf-8"?>
2<manifest xmlns:android="http://schemas.android.com/apk/res/android"
3    package="com.example.demo0201_dogs_vs_cats"
4    android:versionCode="1"
5    android:versionName="1.0" >
6
7    <uses-sdk
8        android:minSdkVersion="21"
8-->src\main\AndroidManifest.xml
9        android:targetSdkVersion="30" />
9-->src\main\AndroidManifest.xml
10
11    <uses-permission android:name="android.permission.INTERNET" />
11-->src\main\AndroidManifest.xml:5:5-67
11-->src\main\AndroidManifest.xml:5:22-64
12    <uses-permission android:name="android.permission.CAMERA" />
12-->src\main\AndroidManifest.xml:6:5-65
12-->src\main\AndroidManifest.xml:6:22-62
13    <uses-permission android:name="android.permission.READ_EXTERNAL_STORAGE" />
13-->src\main\AndroidManifest.xml:7:5-80
13-->src\main\AndroidManifest.xml:7:22-77
14
15    <application
15-->src\main\AndroidManifest.xml:9:5-58:19
16        android:allowBackup="true"
16-->src\main\AndroidManifest.xml:10:9-35
17        android:appComponentFactory="androidx.core.app.CoreComponentFactory"
17-->[androidx.core:core:1.2.0] AndroidManifest.xml:24:18-86
18        android:debuggable="true"
19        android:icon="@drawable/hualin"
19-->src\main\AndroidManifest.xml:11:9-40
20        android:label="@string/app_name"
20-->src\main\AndroidManifest.xml:12:9-41
21        android:networkSecurityConfig="@xml/network_security_config"
21-->src\main\AndroidManifest.xml:13:9-69
22        android:roundIcon="@mipmap/ic_launcher_round"
22-->src\main\AndroidManifest.xml:14:9-54
23        android:supportsRtl="true"
23-->src\main\AndroidManifest.xml:15:9-35
24        android:testOnly="true"
25        android:theme="@style/AppTheme"
25-->src\main\AndroidManifest.xml:16:9-40
26        android:usesCleartextTraffic="true" >
26-->src\main\AndroidManifest.xml:17:9-44
27        <activity
27-->src\main\AndroidManifest.xml:18:9-20:40
28            android:name="com.example.demo0301_flowers.MyCenterActivity"
28-->src\main\AndroidManifest.xml:19:13-73
29            android:exported="false" />
29-->src\main\AndroidManifest.xml:20:13-37
30        <activity
30-->src\main\AndroidManifest.xml:21:9-24:46
31            android:name="com.example.demo0301_flowers.RegisterActivity"
31-->src\main\AndroidManifest.xml:22:13-73
32            android:exported="false"
32-->src\main\AndroidManifest.xml:23:13-37
33            android:launchMode="singleTop" />
33-->src\main\AndroidManifest.xml:24:13-43
34        <activity
34-->src\main\AndroidManifest.xml:25:9-28:46
35            android:name="com.example.demo0301_flowers.LoginActivity"
35-->src\main\AndroidManifest.xml:26:13-70
36            android:exported="false"
36-->src\main\AndroidManifest.xml:27:13-37
37            android:launchMode="singleTop" />
37-->src\main\AndroidManifest.xml:28:13-43
38        <activity
38-->src\main\AndroidManifest.xml:29:9-32:46
39            android:name="com.example.demo0301_flowers.Web"
39-->src\main\AndroidManifest.xml:30:13-60
40            android:exported="false"
40-->src\main\AndroidManifest.xml:31:13-37
41            android:launchMode="singleTop" />
41-->src\main\AndroidManifest.xml:32:13-43
42        <activity
42-->src\main\AndroidManifest.xml:33:9-36:46
43            android:name="com.example.demo0301_flowers.Picture"
43-->src\main\AndroidManifest.xml:34:13-64
44            android:exported="false"
44-->src\main\AndroidManifest.xml:35:13-37
45            android:launchMode="singleTop" />
45-->src\main\AndroidManifest.xml:36:13-43
46        <activity
46-->src\main\AndroidManifest.xml:37:9-40:46
47            android:name="com.example.demo0301_flowers.HomeActivity"
47-->src\main\AndroidManifest.xml:38:13-69
48            android:exported="true"
48-->src\main\AndroidManifest.xml:39:13-36
49            android:launchMode="singleTop" />
49-->src\main\AndroidManifest.xml:40:13-43
50        <activity
50-->src\main\AndroidManifest.xml:41:9-44:86
51            android:name="com.example.demo0301_flowers.PreviewActivity"
51-->src\main\AndroidManifest.xml:42:13-72
52            android:launchMode="singleTop"
52-->src\main\AndroidManifest.xml:43:13-43
53            android:parentActivityName="com.example.demo0301_flowers.MainActivity" />
53-->src\main\AndroidManifest.xml:44:13-83
54        <activity
54-->src\main\AndroidManifest.xml:45:9-47:46
55            android:name="com.example.demo0301_flowers.MainActivity"
55-->src\main\AndroidManifest.xml:46:13-69
56            android:launchMode="singleTop" />
56-->src\main\AndroidManifest.xml:47:13-43
57        <activity
57-->src\main\AndroidManifest.xml:48:9-57:20
58            android:name="com.example.demo0301_flowers.introduction.FirstScreen"
58-->src\main\AndroidManifest.xml:49:13-81
59            android:exported="true"
59-->src\main\AndroidManifest.xml:50:13-36
60            android:launchMode="singleTop" >
60-->src\main\AndroidManifest.xml:51:13-43
61            <intent-filter>
61-->src\main\AndroidManifest.xml:52:13-56:29
62                <action android:name="android.intent.action.MAIN" />
62-->src\main\AndroidManifest.xml:53:17-69
62-->src\main\AndroidManifest.xml:53:25-66
63
64                <category android:name="android.intent.category.LAUNCHER" />
64-->src\main\AndroidManifest.xml:55:17-77
64-->src\main\AndroidManifest.xml:55:27-74
65            </intent-filter>
66        </activity>
67
68        <provider
68-->[androidx.camera:camera-camera2:1.0.0-alpha06] AndroidManifest.xml:25:9-30:43
69            android:name="androidx.camera.camera2.impl.Camera2Initializer"
69-->[androidx.camera:camera-camera2:1.0.0-alpha06] AndroidManifest.xml:26:13-75
70            android:authorities="com.example.demo0201_dogs_vs_cats.camerax-init"
70-->[androidx.camera:camera-camera2:1.0.0-alpha06] AndroidManifest.xml:27:13-64
71            android:exported="false"
71-->[androidx.camera:camera-camera2:1.0.0-alpha06] AndroidManifest.xml:28:13-37
72            android:initOrder="100"
72-->[androidx.camera:camera-camera2:1.0.0-alpha06] AndroidManifest.xml:29:13-36
73            android:multiprocess="true" />
73-->[androidx.camera:camera-camera2:1.0.0-alpha06] AndroidManifest.xml:30:13-40
74    </application>
75
76</manifest>